<?xml version="1.0" encoding="UTF-8"?>
<!-- Generated by org.testng.reporters.JUnitReportReporter -->
<testsuite skipped="0" hostname="Acer-PC" name="com.pro.testcases.TC_LoginTest_001" tests="1" failures="0" timestamp="23 Dec 2020 07:26:14 GMT" time="5.433" errors="0">
  <testcase name="loginTest" time="5.433" classname="com.pro.testcases.TC_LoginTest_001"/>
</testsuite> <!-- com.pro.testcases.TC_LoginTest_001 -->
