<?xml version="1.0" encoding="UTF-8"?>
<!-- Generated by org.testng.reporters.JUnitReportReporter -->
<testsuite skipped="0" hostname="Acer-PC" name="com.pro.testcases.TC_LoginTest_001" tests="1" failures="0" timestamp="2020-12-23T12:57:13 IST" time="19.347" errors="0">
  <testcase name="loginTest" time="19.347" classname="com.pro.testcases.TC_LoginTest_001"/>
  <system-out/>
</testsuite> <!-- com.pro.testcases.TC_LoginTest_001 -->
